<?xml version="1.0" encoding="UTF-8"?>
<testng-results skipped="0" failed="0" total="1" passed="1">
  <reporter-output>
  </reporter-output>
  <suite name="Suite" duration-ms="6054" started-at="2019-07-18T06:10:08Z" finished-at="2019-07-18T06:10:14Z">
    <groups>
    </groups>
    <test name="Test" duration-ms="6054" started-at="2019-07-18T06:10:08Z" finished-at="2019-07-18T06:10:14Z">
      <class name="com.flipkart.testcases.BaseClass">
        <test-method status="PASS" signature="setUp(java.lang.String)[pri:0, instance:com.flipkart.testcases.BaseClass@3ab39c39]" name="setUp" is-config="true" duration-ms="5279" started-at="2019-07-18T11:40:08Z" finished-at="2019-07-18T11:40:13Z">
          <params>
            <param index="0">
              <value>
                <![CDATA[chrome]]>
              </value>
            </param>
          </params>
          <reporter-output>
          </reporter-output>
        </test-method> <!-- setUp -->
        <test-method status="PASS" signature="test1()[pri:0, instance:com.flipkart.testcases.BaseClass@3ab39c39]" name="test1" duration-ms="9" started-at="2019-07-18T11:40:13Z" finished-at="2019-07-18T11:40:13Z">
          <reporter-output>
          </reporter-output>
        </test-method> <!-- test1 -->
        <test-method status="PASS" signature="tearDown()[pri:0, instance:com.flipkart.testcases.BaseClass@3ab39c39]" name="tearDown" is-config="true" duration-ms="753" started-at="2019-07-18T11:40:13Z" finished-at="2019-07-18T11:40:14Z">
          <reporter-output>
          </reporter-output>
        </test-method> <!-- tearDown -->
      </class> <!-- com.flipkart.testcases.BaseClass -->
    </test> <!-- Test -->
  </suite> <!-- Suite -->
</testng-results>
